<?xml version="1.0" encoding="UTF-8"?>
<!-- Generated by org.testng.reporters.JUnitReportReporter -->
<testsuite hostname="DESKTOP-GOH7IGQ" failures="0" tests="1" name="Automate_1.Scenario1_test" time="22.850" errors="0" timestamp="2023-11-11T16:57:48 BDT" skipped="0">
  <testcase classname="Automate_1.Scenario1_test" name="runApp" time="22.850"/>
</testsuite> <!-- Automate_1.Scenario1_test -->
